[2024/05/27 22:59:45   1]
ИНФО (1) : Привет! Сервер активен, ждёт консольных команд или подключение пользователей.Для завершения работы сервера наберите "end"
[2024/06/04 13:09:09   1]
ИНФО (1) : Привет! Сервер активен, ждёт консольных команд или подключение пользователей.Для завершения работы сервера наберите "end"
[2024/06/04 14:03:02   2]
НОВЫЙ ПОЛЬЗОВАТЕЛЬ (1) : >>pool-1-thread-1[59061]
[2024/06/04 14:03:02   3]
НОВЫЙ ПОЛЬЗОВАТЕЛЬ (2) : >>pool-1-thread-2[59063]
[2024/06/04 14:03:03   4]
НОВЫЙ ПОЛЬЗОВАТЕЛЬ (3) : >>pool-1-thread-3[59064]
[2024/06/04 14:03:03   5]
НОВЫЙ ПОЛЬЗОВАТЕЛЬ (4) : >>pool-1-thread-4[59065]
[2024/06/04 14:03:03   6]
НОВЫЙ ПОЛЬЗОВАТЕЛЬ (5) : >>pool-1-thread-5[59066]
[2024/06/04 14:03:03   7]
НОВЫЙ ПОЛЬЗОВАТЕЛЬ (6) : >>pool-1-thread-6[59067]
[2024/06/04 14:03:03   8]
НОВЫЙ ПОЛЬЗОВАТЕЛЬ (7) : >>pool-1-thread-7[59068]
[2024/06/04 14:03:08   9]
ПОКИНУЛ ЧАТ (1) : >>pool-1-thread-1[59061]
[2024/06/04 14:03:08  10]
ПОКИНУЛ ЧАТ (2) : >>pool-1-thread-2[59063]
[2024/06/04 14:03:09  11]
ПОКИНУЛ ЧАТ (3) : >>pool-1-thread-3[59064]
[2024/06/04 14:03:09  12]
ПОКИНУЛ ЧАТ (4) : >>pool-1-thread-4[59065]
[2024/06/04 14:03:09  13]
ПОКИНУЛ ЧАТ (5) : >>pool-1-thread-5[59066]
[2024/06/04 14:03:09  14]
ЗАКРЫТИЕ КАНАЛА С ПОЛЬЗОВАТЕЛЕМ (1) : >>[pool-1-thread-1[59061]]- Выполнено
[2024/06/04 14:03:09  15]
ПОКИНУЛ ЧАТ (6) : >>pool-1-thread-6[59067]
[2024/06/04 14:03:09  16]
ЗАКРЫТИЕ КАНАЛА С ПОЛЬЗОВАТЕЛЕМ (2) : >>[pool-1-thread-2[59063]]- Выполнено
[2024/06/04 14:03:09  17]
ПОКИНУЛ ЧАТ (7) : >>pool-1-thread-7[59068]
[2024/06/04 14:03:10  18]
ЗАКРЫТИЕ КАНАЛА С ПОЛЬЗОВАТЕЛЕМ (3) : >>[pool-1-thread-3[59064]]- Выполнено
[2024/06/04 14:03:10  19]
ЗАКРЫТИЕ КАНАЛА С ПОЛЬЗОВАТЕЛЕМ (4) : >>[pool-1-thread-4[59065]]- Выполнено
[2024/06/04 14:03:10  20]
ЗАКРЫТИЕ КАНАЛА С ПОЛЬЗОВАТЕЛЕМ (5) : >>[pool-1-thread-5[59066]]- Выполнено
